  event_groups.c
..\..\..\FreeRTOS\Source\event_groups.c(79): fatal error C1083: Cannot open include file: 'FreeRTOS.h': No such file or directory
  list.c
..\..\..\FreeRTOS\Source\list.c(72): fatal error C1083: Cannot open include file: 'FreeRTOS.h': No such file or directory
  heap_4.c
..\..\..\FreeRTOS\Source\portable\MemMang\heap_4.c(85): fatal error C1083: Cannot open include file: 'FreeRTOS.h': No such file or directory
  port.c
..\..\..\FreeRTOS\Source\portable\MSVC-MingW\port.c(74): fatal error C1083: Cannot open include file: 'FreeRTOS.h': No such file or directory
  queue.c
..\..\..\FreeRTOS\Source\queue.c(78): fatal error C1083: Cannot open include file: 'FreeRTOS.h': No such file or directory
  tasks.c
..\..\..\FreeRTOS\Source\tasks.c(80): fatal error C1083: Cannot open include file: 'FreeRTOS.h': No such file or directory
  timers.c
..\..\..\FreeRTOS\Source\timers.c(78): fatal error C1083: Cannot open include file: 'FreeRTOS.h': No such file or directory
  FreeRTOS_CLI.c
..\..\Source\FreeRTOS-Plus-CLI\FreeRTOS_CLI.c(48): fatal error C1083: Cannot open include file: 'FreeRTOS.h': No such file or directory
  ff_crc.c
..\..\Source\FreeRTOS-Plus-FAT\ff_crc.c(65): fatal error C1083: Cannot open include file: 'ff_headers.h': No such file or directory
  ff_dir.c
..\..\Source\FreeRTOS-Plus-FAT\ff_dir.c(66): fatal error C1083: Cannot open include file: 'ff_headers.h': No such file or directory
  ff_error.c
..\..\Source\FreeRTOS-Plus-FAT\ff_error.c(70): fatal error C1083: Cannot open include file: 'ff_headers.h': No such file or directory
  ff_fat.c
..\..\Source\FreeRTOS-Plus-FAT\ff_fat.c(66): fatal error C1083: Cannot open include file: 'ff_headers.h': No such file or directory
  ff_file.c
..\..\Source\FreeRTOS-Plus-FAT\ff_file.c(66): fatal error C1083: Cannot open include file: 'ff_headers.h': No such file or directory
  ff_format.c
..\..\Source\FreeRTOS-Plus-FAT\ff_format.c(65): fatal error C1083: Cannot open include file: 'ff_headers.h': No such file or directory
  ff_ioman.c
..\..\Source\FreeRTOS-Plus-FAT\ff_ioman.c(71): fatal error C1083: Cannot open include file: 'ff_headers.h': No such file or directory
  ff_locking.c
..\..\Source\FreeRTOS-Plus-FAT\ff_locking.c(61): fatal error C1083: Cannot open include file: 'FreeRTOS.h': No such file or directory
  ff_memory.c
..\..\Source\FreeRTOS-Plus-FAT\ff_memory.c(71): fatal error C1083: Cannot open include file: 'ff_headers.h': No such file or directory
  ff_stdio.c
..\..\Source\FreeRTOS-Plus-FAT\ff_stdio.c(57): fatal error C1083: Cannot open include file: 'FreeRTOS.h': No such file or directory
  ff_string.c
..\..\Source\FreeRTOS-Plus-FAT\ff_string.c(70): fatal error C1083: Cannot open include file: 'ff_headers.h': No such file or directory
  ff_sys.c
..\..\Source\FreeRTOS-Plus-FAT\ff_sys.c(60): fatal error C1083: Cannot open include file: 'FreeRTOS.h': No such file or directory
  Generating Code...
  Compiling...
  ff_time.c
..\..\Source\FreeRTOS-Plus-FAT\ff_time.c(60): fatal error C1083: Cannot open include file: 'FreeRTOS.h': No such file or directory
  ff_ramdisk.c
..\..\Source\FreeRTOS-Plus-FAT\portable\common\ff_ramdisk.c(63): fatal error C1083: Cannot open include file: 'FreeRTOS.h': No such file or directory
  FreeRTOS_ARP.c
..\..\Source\FreeRTOS-Plus-TCP\FreeRTOS_ARP.c(63): fatal error C1083: Cannot open include file: 'FreeRTOS.h': No such file or directory
  FreeRTOS_DHCP.c
..\..\Source\FreeRTOS-Plus-TCP\FreeRTOS_DHCP.c(62): fatal error C1083: Cannot open include file: 'FreeRTOS.h': No such file or directory
  FreeRTOS_DNS.c
..\..\Source\FreeRTOS-Plus-TCP\FreeRTOS_DNS.c(62): fatal error C1083: Cannot open include file: 'FreeRTOS.h': No such file or directory
  FreeRTOS_IP.c
..\..\Source\FreeRTOS-Plus-TCP\FreeRTOS_IP.c(64): fatal error C1083: Cannot open include file: 'FreeRTOS.h': No such file or directory
  FreeRTOS_Sockets.c
..\..\Source\FreeRTOS-Plus-TCP\FreeRTOS_Sockets.c(63): fatal error C1083: Cannot open include file: 'FreeRTOS.h': No such file or directory
  FreeRTOS_Stream_Buffer.c
..\..\Source\FreeRTOS-Plus-TCP\FreeRTOS_Stream_Buffer.c(62): fatal error C1083: Cannot open include file: 'FreeRTOS.h': No such file or directory
  FreeRTOS_TCP_IP.c
..\..\Source\FreeRTOS-Plus-TCP\FreeRTOS_TCP_IP.c(73): fatal error C1083: Cannot open include file: 'FreeRTOS.h': No such file or directory
  FreeRTOS_TCP_WIN.c
..\..\Source\FreeRTOS-Plus-TCP\FreeRTOS_TCP_WIN.c(72): fatal error C1083: Cannot open include file: 'FreeRTOS.h': No such file or directory
  FreeRTOS_UDP_IP.c
..\..\Source\FreeRTOS-Plus-TCP\FreeRTOS_UDP_IP.c(63): fatal error C1083: Cannot open include file: 'FreeRTOS.h': No such file or directory
  BufferAllocation_2.c
..\..\Source\FreeRTOS-Plus-TCP\portable\BufferManagement\BufferAllocation_2.c(75): fatal error C1083: Cannot open include file: 'FreeRTOS.h': No such file or directory
  NetworkInterface.c
..\..\Source\FreeRTOS-Plus-TCP\portable\NetworkInterface\WinPCap\NetworkInterface.c(60): fatal error C1083: Cannot open include file: 'pcap.h': No such file or directory
  FreeRTOS_TCP_server.c
..\..\Source\FreeRTOS-Plus-TCP\protocols\Common\FreeRTOS_TCP_server.c(65): fatal error C1083: Cannot open include file: 'FreeRTOS.h': No such file or directory
  FreeRTOS_FTP_commands.c
..\..\Source\FreeRTOS-Plus-TCP\protocols\FTP\FreeRTOS_FTP_commands.c(59): fatal error C1083: Cannot open include file: 'FreeRTOS.h': No such file or directory
  FreeRTOS_FTP_server.c
..\..\Source\FreeRTOS-Plus-TCP\protocols\FTP\FreeRTOS_FTP_server.c(65): fatal error C1083: Cannot open include file: 'FreeRTOS.h': No such file or directory
  FreeRTOS_HTTP_commands.c
..\..\Source\FreeRTOS-Plus-TCP\protocols\HTTP\FreeRTOS_HTTP_commands.c(64): fatal error C1083: Cannot open include file: 'FreeRTOS.h': No such file or directory
  FreeRTOS_HTTP_server.c
..\..\Source\FreeRTOS-Plus-TCP\protocols\HTTP\FreeRTOS_HTTP_server.c(63): fatal error C1083: Cannot open include file: 'FreeRTOS.h': No such file or directory
  File-related-CLI-commands.c
..\Common\FreeRTOS_Plus_CLI_Demos\File-related-CLI-commands.c(71): fatal error C1083: Cannot open include file: 'FreeRTOS.h': No such file or directory
  TCPCommandConsole.c
..\Common\FreeRTOS_Plus_CLI_Demos\TCPCommandConsole.c(76): fatal error C1083: Cannot open include file: 'FreeRTOS.h': No such file or directory
  Generating Code...
  Compiling...
  UDPCommandConsole.c
..\Common\FreeRTOS_Plus_CLI_Demos\UDPCommandConsole.c(76): fatal error C1083: Cannot open include file: 'FreeRTOS.h': No such file or directory
  CreateAndVerifyExampleFiles.c
..\Common\FreeRTOS_Plus_FAT_Demos\CreateAndVerifyExampleFiles.c(77): fatal error C1083: Cannot open include file: 'ff_headers.h': No such file or directory
  ff_stdio_tests_with_cwd.c
..\Common\FreeRTOS_Plus_FAT_Demos\test\ff_stdio_tests_with_cwd.c(75): fatal error C1083: Cannot open include file: 'FreeRTOS.h': No such file or directory
  TFTPServer.c
..\Common\FreeRTOS_Plus_TCP_Demos\TFTPServer.c(82): fatal error C1083: Cannot open include file: 'FreeRTOS.h': No such file or directory
  CLI-commands.c
CLI-commands.c(76): fatal error C1083: Cannot open include file: 'FreeRTOS.h': No such file or directory
  TCPEchoClient_SeparateTasks.c
DemoTasks\TCPEchoClient_SeparateTasks.c(87): fatal error C1083: Cannot open include file: 'FreeRTOS.h': No such file or directory
  TCPEchoClient_SingleTasks.c
DemoTasks\TCPEchoClient_SingleTasks.c(88): fatal error C1083: Cannot open include file: 'FreeRTOS.h': No such file or directory
  TwoUDPEchoClients.c
DemoTasks\TwoUDPEchoClients.c(93): fatal error C1083: Cannot open include file: 'FreeRTOS.h': No such file or directory
  UDPSelectServer.c
DemoTasks\UDPSelectServer.c(87): fatal error C1083: Cannot open include file: 'FreeRTOS.h': No such file or directory
  SimpleUDPClientAndServer.c
DemoTasks\SimpleUDPClientAndServer.c(85): fatal error C1083: Cannot open include file: 'FreeRTOS.h': No such file or directory
  SimpleTCPEchoServer.c
C:\Program Files (x86)\Windows Kits\10\Include\10.0.16299.0\um\WinSock2.h(17): warning C4005: '_WINSOCKAPI_': macro redefinition
  C:\Program Files (x86)\Windows Kits\10\Include\10.0.16299.0\um\WinSock2.h(17): note: command-line arguments:  see previous definition of '_WINSOCKAPI_'
DemoTasks\SimpleTCPEchoServer.c(89): fatal error C1083: Cannot open include file: 'FreeRTOS.h': No such file or directory
  demo_logging.c
demo_logging.c(88): fatal error C1083: Cannot open include file: 'FreeRTOS.h': No such file or directory
  main.c
main.c(83): fatal error C1083: Cannot open include file: 'FreeRTOS.h': No such file or directory
  Run-time-stats-utils.c
Run-time-stats-utils.c(83): fatal error C1083: Cannot open include file: 'FreeRTOS.h': No such file or directory
  DemoIPTrace.c
TraceMacros\Example1\DemoIPTrace.c(100): fatal error C1083: Cannot open include file: 'FreeRTOS.h': No such file or directory
  Generating Code...
