#-----------------------------------------------------------
# Webtalk v2016.4 (64-bit)
# SW Build 1733598 on Wed Dec 14 22:35:39 MST 2016
# 
# Start of session at: Wed Jan 18 22:47:51 2017
# Process ID: 321568
# Current directory: C:/Users/apple/Desktop/160919_FreeRTOS_Labs/FreeRTOS-Plus/Demo/FreeRTOS_Plus_TCP_and_FAT_Zynq_SDK/webtalk
# Command line: wbtcv.exe -mode batch -source sdk_webtalk.tcl
# Log file: C:/Users/apple/Desktop/160919_FreeRTOS_Labs/FreeRTOS-Plus/Demo/FreeRTOS_Plus_TCP_and_FAT_Zynq_SDK/webtalk/webtalk.log
# Journal file: C:/Users/apple/Desktop/160919_FreeRTOS_Labs/FreeRTOS-Plus/Demo/FreeRTOS_Plus_TCP_and_FAT_Zynq_SDK/webtalk\webtalk.jou
#-----------------------------------------------------------
source sdk_webtalk.tcl
# webtalk_init -webtalk_dir C:\\Users\\apple\\Desktop\\160919_FreeRTOS_Labs\\FreeRTOS-Plus\\Demo\\FreeRTOS_Plus_TCP_and_FAT_Zynq_SDK\\webtalk
# webtalk_register_client -client project
# webtalk_add_data -client project -key date_generated -value "2017-01-18 22:47:49" -context "software_version_and_target_device"
# webtalk_add_data -client project -key product_version -value "SDK v2016.4" -context "software_version_and_target_device"
# webtalk_add_data -client project -key build_version -value "2016.4" -context "software_version_and_target_device"
# webtalk_add_data -client project -key os_platform -value "amd64" -context "software_version_and_target_device"
# webtalk_add_data -client project -key registration_id -value "" -context "software_version_and_target_device"
# webtalk_add_data -client project -key tool_flow -value "SDK" -context "software_version_and_target_device"
# webtalk_add_data -client project -key beta -value "false" -context "software_version_and_target_device"
# webtalk_add_data -client project -key route_design -value "NA" -context "software_version_and_target_device"
# webtalk_add_data -client project -key target_family -value "NA" -context "software_version_and_target_device"
# webtalk_add_data -client project -key target_device -value "NA" -context "software_version_and_target_device"
# webtalk_add_data -client project -key target_package -value "NA" -context "software_version_and_target_device"
# webtalk_add_data -client project -key target_speed -value "NA" -context "software_version_and_target_device"
# webtalk_add_data -client project -key random_id -value "n9mfd8rdj2lkadrml51et87bk9" -context "software_version_and_target_device"
# webtalk_add_data -client project -key project_id -value "2016.4_3" -context "software_version_and_target_device"
# webtalk_add_data -client project -key project_iteration -value "3" -context "software_version_and_target_device"
# webtalk_add_data -client project -key os_name -value "Microsoft Windows 7 , 64-bit" -context "user_environment"
# webtalk_add_data -client project -key os_release -value "Service Pack 1  (build 7601)" -context "user_environment"
# webtalk_add_data -client project -key cpu_name -value "Intel(R) Core(TM) i5-4250U CPU @ 1.30GHz" -context "user_environment"
# webtalk_add_data -client project -key cpu_speed -value "1900 MHz" -context "user_environment"
# webtalk_add_data -client project -key total_processors -value "1" -context "user_environment"
# webtalk_add_data -client project -key system_ram -value "4.000 GB" -context "user_environment"
# webtalk_register_client -client sdk
# webtalk_add_data -client sdk -key uid -value "1484789486722" -context "sdk\\\\bsp/1484789486722"
# webtalk_add_data -client sdk -key hwid -value "1431285777890" -context "sdk\\\\bsp/1484789486722"
# webtalk_add_data -client sdk -key os -value "standalone" -context "sdk\\\\bsp/1484789486722"
# webtalk_add_data -client sdk -key apptemplate -value "null" -context "sdk\\\\bsp/1484789486722"
# webtalk_add_data -client sdk -key RecordType -value "BSPCreation" -context "sdk\\\\bsp/1484789486722"
# webtalk_add_data -client sdk -key uid -value "NA" -context "sdk\\\\bsp/1484797669196"
# webtalk_add_data -client sdk -key RecordType -value "ToolUsage" -context "sdk\\\\bsp/1484797669196"
# webtalk_add_data -client sdk -key BootgenCount -value "0" -context "sdk\\\\bsp/1484797669196"
# webtalk_add_data -client sdk -key DebugCount -value "3" -context "sdk\\\\bsp/1484797669196"
# webtalk_add_data -client sdk -key PerfCount -value "0" -context "sdk\\\\bsp/1484797669196"
# webtalk_add_data -client sdk -key FlashCount -value "0" -context "sdk\\\\bsp/1484797669196"
# webtalk_add_data -client sdk -key CrossTriggCount -value "0" -context "sdk\\\\bsp/1484797669196"
# webtalk_add_data -client sdk -key QemuDebugCount -value "0" -context "sdk\\\\bsp/1484797669196"
# webtalk_transmit -clientid 2666872391 -regid "" -xml C:\\Users\\apple\\Desktop\\160919_FreeRTOS_Labs\\FreeRTOS-Plus\\Demo\\FreeRTOS_Plus_TCP_and_FAT_Zynq_SDK\\webtalk\\usage_statistics_ext_sdk.xml -html C:\\Users\\apple\\Desktop\\160919_FreeRTOS_Labs\\FreeRTOS-Plus\\Demo\\FreeRTOS_Plus_TCP_and_FAT_Zynq_SDK\\webtalk\\usage_statistics_ext_sdk.html -wdm C:\\Users\\apple\\Desktop\\160919_FreeRTOS_Labs\\FreeRTOS-Plus\\Demo\\FreeRTOS_Plus_TCP_and_FAT_Zynq_SDK\\webtalk\\sdk_webtalk.wdm -intro "<H3>SDK Usage Report</H3><BR>"
# webtalk_terminate
INFO: [Common 17-206] Exiting Webtalk at Wed Jan 18 22:47:57 2017...
