#-----------------------------------------------------------
# Webtalk v2016.4 (64-bit)
# SW Build 1756540 on Mon Jan 23 19:11:23 MST 2017
# 
# Start of session at: Tue Jan 31 10:01:14 2017
# Process ID: 44660
# Current directory: C:/Users/apple/Desktop/160919_FreeRTOS_Labs/FreeRTOS-Plus/Demo/FreeRTOS_Plus_TCP_and_FAT_Zynq_SDK/webtalk
# Command line: wbtcv.exe -mode batch -source sdk_webtalk.tcl
# Log file: C:/Users/apple/Desktop/160919_FreeRTOS_Labs/FreeRTOS-Plus/Demo/FreeRTOS_Plus_TCP_and_FAT_Zynq_SDK/webtalk/webtalk.log
# Journal file: C:/Users/apple/Desktop/160919_FreeRTOS_Labs/FreeRTOS-Plus/Demo/FreeRTOS_Plus_TCP_and_FAT_Zynq_SDK/webtalk\webtalk.jou
#-----------------------------------------------------------
source sdk_webtalk.tcl
# webtalk_init -webtalk_dir C:\\Users\\apple\\Desktop\\160919_FreeRTOS_Labs\\FreeRTOS-Plus\\Demo\\FreeRTOS_Plus_TCP_and_FAT_Zynq_SDK\\webtalk
# webtalk_register_client -client project
# webtalk_add_data -client project -key date_generated -value "2017-01-31 10:01:13" -context "software_version_and_target_device"
# webtalk_add_data -client project -key product_version -value "SDK v2016.4" -context "software_version_and_target_device"
# webtalk_add_data -client project -key build_version -value "2016.4" -context "software_version_and_target_device"
# webtalk_add_data -client project -key os_platform -value "amd64" -context "software_version_and_target_device"
# webtalk_add_data -client project -key registration_id -value "211286171_1777523041_0_061" -context "software_version_and_target_device"
# webtalk_add_data -client project -key tool_flow -value "SDK" -context "software_version_and_target_device"
# webtalk_add_data -client project -key beta -value "false" -context "software_version_and_target_device"
# webtalk_add_data -client project -key route_design -value "NA" -context "software_version_and_target_device"
# webtalk_add_data -client project -key target_family -value "NA" -context "software_version_and_target_device"
# webtalk_add_data -client project -key target_device -value "NA" -context "software_version_and_target_device"
# webtalk_add_data -client project -key target_package -value "NA" -context "software_version_and_target_device"
# webtalk_add_data -client project -key target_speed -value "NA" -context "software_version_and_target_device"
# webtalk_add_data -client project -key random_id -value "iig7t390u24nads8746q6dlgk3" -context "software_version_and_target_device"
# webtalk_add_data -client project -key project_id -value "2016.4_5" -context "software_version_and_target_device"
# webtalk_add_data -client project -key project_iteration -value "5" -context "software_version_and_target_device"
# webtalk_add_data -client project -key os_name -value "Microsoft Windows 7 , 64-bit" -context "user_environment"
# webtalk_add_data -client project -key os_release -value "Service Pack 1  (build 7601)" -context "user_environment"
# webtalk_add_data -client project -key cpu_name -value "Intel(R) Core(TM) i5-4250U CPU @ 1.30GHz" -context "user_environment"
# webtalk_add_data -client project -key cpu_speed -value "1900 MHz" -context "user_environment"
# webtalk_add_data -client project -key total_processors -value "1" -context "user_environment"
# webtalk_add_data -client project -key system_ram -value "4.000 GB" -context "user_environment"
# webtalk_register_client -client sdk
# webtalk_add_data -client sdk -key uid -value "1485754599565" -context "sdk\\\\bsp/1485754599565"
# webtalk_add_data -client sdk -key hwid -value "1431285777890" -context "sdk\\\\bsp/1485754599565"
# webtalk_add_data -client sdk -key os -value "standalone" -context "sdk\\\\bsp/1485754599565"
# webtalk_add_data -client sdk -key apptemplate -value "null" -context "sdk\\\\bsp/1485754599565"
# webtalk_add_data -client sdk -key RecordType -value "BSPCreation" -context "sdk\\\\bsp/1485754599565"
# webtalk_add_data -client sdk -key uid -value "NA" -context "sdk\\\\bsp/1485874872888"
# webtalk_add_data -client sdk -key RecordType -value "ToolUsage" -context "sdk\\\\bsp/1485874872888"
# webtalk_add_data -client sdk -key BootgenCount -value "0" -context "sdk\\\\bsp/1485874872888"
# webtalk_add_data -client sdk -key DebugCount -value "4" -context "sdk\\\\bsp/1485874872888"
# webtalk_add_data -client sdk -key PerfCount -value "0" -context "sdk\\\\bsp/1485874872888"
# webtalk_add_data -client sdk -key FlashCount -value "0" -context "sdk\\\\bsp/1485874872888"
# webtalk_add_data -client sdk -key CrossTriggCount -value "0" -context "sdk\\\\bsp/1485874872888"
# webtalk_add_data -client sdk -key QemuDebugCount -value "0" -context "sdk\\\\bsp/1485874872888"
# webtalk_transmit -clientid 3118332314 -regid "211286171_1777523041_0_061" -xml C:\\Users\\apple\\Desktop\\160919_FreeRTOS_Labs\\FreeRTOS-Plus\\Demo\\FreeRTOS_Plus_TCP_and_FAT_Zynq_SDK\\webtalk\\usage_statistics_ext_sdk.xml -html C:\\Users\\apple\\Desktop\\160919_FreeRTOS_Labs\\FreeRTOS-Plus\\Demo\\FreeRTOS_Plus_TCP_and_FAT_Zynq_SDK\\webtalk\\usage_statistics_ext_sdk.html -wdm C:\\Users\\apple\\Desktop\\160919_FreeRTOS_Labs\\FreeRTOS-Plus\\Demo\\FreeRTOS_Plus_TCP_and_FAT_Zynq_SDK\\webtalk\\sdk_webtalk.wdm -intro "<H3>SDK Usage Report</H3><BR>"
# webtalk_terminate
INFO: [Common 17-206] Exiting Webtalk at Tue Jan 31 10:01:17 2017...
